Error: Unable to access jarfile rocketmq-dashboard-1.0.0.jar
01:45:08,850 |-INFO in ch.qos.logback.classic.LoggerContext[default] - Could NOT find resource [logback-test.xml]
01:45:08,850 |-INFO in ch.qos.logback.classic.LoggerContext[default] - Could NOT find resource [logback.groovy]
01:45:08,850 |-INFO in ch.qos.logback.classic.LoggerContext[default] - Found resource [logback.xml] at [jar:file:/Users/ivan/code/lego/lego-knowledge/lego-knowledge-message-queue/lego-knowledge-message-queue-rocketmq/rocketmq-dashboard/rocketmq-dashboard-rocketmq-dashboard-1.0.0/target/rocketmq-dashboard-1.0.0.jar!/BOOT-INF/classes!/logback.xml]
01:45:08,858 |-INFO in ch.qos.logback.core.joran.spi.ConfigurationWatchList@4ccabbaa - URL [jar:file:/Users/ivan/code/lego/lego-knowledge/lego-knowledge-message-queue/lego-knowledge-message-queue-rocketmq/rocketmq-dashboard/rocketmq-dashboard-rocketmq-dashboard-1.0.0/target/rocketmq-dashboard-1.0.0.jar!/BOOT-INF/classes!/logback.xml] is not of type file
01:45:08,884 |-INFO in ch.qos.logback.classic.joran.action.ConfigurationAction - debug attribute not set
01:45:08,885 |-INFO in ch.qos.logback.core.joran.action.AppenderAction - About to instantiate appender of type [ch.qos.logback.core.ConsoleAppender]
01:45:08,888 |-INFO in ch.qos.logback.core.joran.action.AppenderAction - Naming appender as [STDOUT]
01:45:08,891 |-INFO in ch.qos.logback.core.joran.action.NestedComplexPropertyIA - Assuming default type [ch.qos.logback.classic.encoder.PatternLayoutEncoder] for [encoder] property
01:45:08,912 |-INFO in ch.qos.logback.core.joran.action.AppenderAction - About to instantiate appender of type [ch.qos.logback.core.rolling.RollingFileAppender]
01:45:08,913 |-INFO in ch.qos.logback.core.joran.action.AppenderAction - Naming appender as [FILE]
01:45:08,922 |-INFO in c.q.l.core.rolling.TimeBasedRollingPolicy@1274370218 - No compression will be used
01:45:08,923 |-INFO in c.q.l.core.rolling.TimeBasedRollingPolicy@1274370218 - Will use the pattern /Users/ivan/logs/consolelogs/rocketmq-console-%d{yyyy-MM-dd}.%i.log for the active file
01:45:08,924 |-INFO in ch.qos.logback.core.rolling.SizeAndTimeBasedFNATP@2d38eb89 - The date pattern is 'yyyy-MM-dd' from file name pattern '/Users/ivan/logs/consolelogs/rocketmq-console-%d{yyyy-MM-dd}.%i.log'.
01:45:08,924 |-INFO in ch.qos.logback.core.rolling.SizeAndTimeBasedFNATP@2d38eb89 - Roll-over at midnight.
01:45:08,925 |-INFO in ch.qos.logback.core.rolling.SizeAndTimeBasedFNATP@2d38eb89 - Setting initial period to Sun Mar 31 01:27:30 CST 2024
01:45:08,926 |-WARN in ch.qos.logback.core.rolling.SizeAndTimeBasedFNATP@2d38eb89 - SizeAndTimeBasedFNATP is deprecated. Use SizeAndTimeBasedRollingPolicy instead
01:45:08,926 |-WARN in ch.qos.logback.core.rolling.SizeAndTimeBasedFNATP@2d38eb89 - For more information see http://logback.qos.ch/manual/appenders.html#SizeAndTimeBasedRollingPolicy
01:45:08,927 |-INFO in ch.qos.logback.core.joran.action.NestedComplexPropertyIA - Assuming default type [ch.qos.logback.classic.encoder.PatternLayoutEncoder] for [encoder] property
01:45:08,928 |-INFO in ch.qos.logback.core.rolling.RollingFileAppender[FILE] - Active log file name: /Users/ivan/logs/consolelogs/rocketmq-console.log
01:45:08,928 |-INFO in ch.qos.logback.core.rolling.RollingFileAppender[FILE] - File property is set to [/Users/ivan/logs/consolelogs/rocketmq-console.log]
01:45:08,929 |-INFO in ch.qos.logback.classic.joran.action.RootLoggerAction - Setting level of ROOT logger to INFO
01:45:08,929 |-INFO in ch.qos.logback.core.joran.action.AppenderRefAction - Attaching appender named [STDOUT] to Logger[ROOT]
01:45:08,929 |-INFO in ch.qos.logback.core.joran.action.AppenderRefAction - Attaching appender named [FILE] to Logger[ROOT]
01:45:08,929 |-INFO in ch.qos.logback.classic.joran.action.ConfigurationAction - End of configuration.
01:45:08,930 |-INFO in ch.qos.logback.classic.joran.JoranConfigurator@5fa7e7ff - Registering current configuration as safe fallback point


  .   ____          _            __ _ _
 /\\ / ___'_ __ _ _(_)_ __  __ _ \ \ \ \
( ( )\___ | '_ | '_| | '_ \/ _` | \ \ \ \
 \\/  ___)| |_)| | | | | || (_| |  ) ) ) )
  '  |____| .__|_| |_|_| |_\__, | / / / /
 =========|_|==============|___/=/_/_/_/
 :: Spring Boot ::        (v2.2.2.RELEASE)

[2024-03-31 01:45:09.202]  INFO Starting App v1.0.0 on localhost with PID 14823 (/Users/ivan/code/lego/lego-knowledge/lego-knowledge-message-queue/lego-knowledge-message-queue-rocketmq/rocketmq-dashboard/rocketmq-dashboard-rocketmq-dashboard-1.0.0/target/rocketmq-dashboard-1.0.0.jar started by ivan in /Users/ivan/code/lego/lego-knowledge/lego-knowledge-message-queue/lego-knowledge-message-queue-rocketmq/rocketmq-dashboard/rocketmq-dashboard-rocketmq-dashboard-1.0.0)
[2024-03-31 01:45:09.204]  INFO No active profile set, falling back to default profiles: default
[2024-03-31 01:45:10.305]  INFO Tomcat initialized with port(s): 9988 (http)
[2024-03-31 01:45:10.318]  INFO Initializing ProtocolHandler ["http-nio-0.0.0.0-9988"]
[2024-03-31 01:45:10.318]  INFO Starting service [Tomcat]
[2024-03-31 01:45:10.319]  INFO Starting Servlet engine: [Apache Tomcat/9.0.29]
[2024-03-31 01:45:10.361]  INFO Initializing Spring embedded WebApplicationContext
[2024-03-31 01:45:10.361]  INFO Root WebApplicationContext: initialization completed in 1118 ms
[2024-03-31 01:45:10.838]  INFO Initializing ExecutorService 'applicationTaskExecutor'
[2024-03-31 01:45:10.917]  INFO Adding welcome page: class path resource [static/index.html]
[2024-03-31 01:45:11.005]  INFO Initializing ExecutorService 'taskScheduler'
[2024-03-31 01:45:11.012]  INFO Exposing 2 endpoint(s) beneath base path '/actuator'
[2024-03-31 01:45:11.045]  INFO Starting ProtocolHandler ["http-nio-0.0.0.0-9988"]
[2024-03-31 01:45:11.061]  INFO Tomcat started on port(s): 9988 (http) with context path ''
[2024-03-31 01:45:11.063]  INFO Started App in 2.075 seconds (JVM running for 2.417)
RocketMQLog:WARN No appenders could be found for logger (io.netty.util.internal.PlatformDependent0).
RocketMQLog:WARN Please initialize the logger system properly.
[2024-03-31 01:45:30.189]  INFO create MQAdmin instance ClientConfig [namesrvAddr=127.0.0.1:9876, clientIP=192.168.31.68, instanceName=1711820730031, clientCallbackExecutorThreads=10, pollNameServerInterval=30000, heartbeatBrokerInterval=30000, persistConsumerOffsetInterval=5000, pullTimeDelayMillsWhenException=1000, unitMode=false, unitName=null, vipChannelEnabled=true, useTLS=false, language=JAVA, namespace=null] success.
[2024-03-31 01:45:30.317]  INFO start time: 3.209 μs
[2024-03-31 01:45:30.321]  INFO stop time : 4.397 ms
[2024-03-31 01:45:30.324]  WARN Exception caught: mqAdminExt get broker stats data GROUP_GET_NUMS failed
[2024-03-31 01:45:30.324]  WARN Response [CODE: 1  DESC: The stats <GROUP_GET_NUMS> <TopicTestAAA@SyncProducer> not exist
For more information, please visit the url, http://rocketmq.apache.org/docs/faq/] 
[2024-03-31 01:45:30.329]  INFO start time: 4.397 ms
[2024-03-31 01:45:30.330]  WARN Exception caught: mqAdminExt get broker stats data TOPIC_PUT_NUMS failed
[2024-03-31 01:45:30.330]  WARN Response [CODE: 1  DESC: The stats <TOPIC_PUT_NUMS> <DefaultCluster_REPLY_TOPIC> not exist
For more information, please visit the url, http://rocketmq.apache.org/docs/faq/] 
[2024-03-31 01:45:30.332]  INFO start time: 292.0 ns
[2024-03-31 01:45:30.333]  WARN Exception caught: mqAdminExt get broker stats data TOPIC_PUT_NUMS failed
[2024-03-31 01:45:30.333]  WARN Response [CODE: 1  DESC: The stats <TOPIC_PUT_NUMS> <TopicTest> not exist
For more information, please visit the url, http://rocketmq.apache.org/docs/faq/] 
[2024-03-31 01:45:30.334]  WARN Exception caught: mqAdminExt get broker stats data GROUP_GET_NUMS failed
[2024-03-31 01:45:30.334]  WARN Response [CODE: 1  DESC: The stats <GROUP_GET_NUMS> <TopicTest@please_rename_unique_group_name_4> not exist
For more information, please visit the url, http://rocketmq.apache.org/docs/faq/] 
[2024-03-31 01:45:30.336]  INFO start time: 459.0 ns
[2024-03-31 01:45:30.337]  WARN Exception caught: mqAdminExt get broker stats data TOPIC_PUT_NUMS failed
[2024-03-31 01:45:30.337]  WARN Response [CODE: 1  DESC: The stats <TOPIC_PUT_NUMS> <broker-a> not exist
For more information, please visit the url, http://rocketmq.apache.org/docs/faq/] 
[2024-03-31 01:45:30.339]  INFO start time: 375.0 ns
[2024-03-31 01:45:30.340]  WARN Exception caught: mqAdminExt get broker stats data TOPIC_PUT_NUMS failed
[2024-03-31 01:45:30.340]  WARN Response [CODE: 1  DESC: The stats <TOPIC_PUT_NUMS> <rocket_sz_sync> not exist
For more information, please visit the url, http://rocketmq.apache.org/docs/faq/] 
[2024-03-31 01:46:30.022]  INFO start time: 416.0 ns
[2024-03-31 01:46:30.025]  INFO stop time : 3.430 ms
[2024-03-31 01:46:30.027]  WARN Exception caught: mqAdminExt get broker stats data GROUP_GET_NUMS failed
[2024-03-31 01:46:30.027]  WARN Response [CODE: 1  DESC: The stats <GROUP_GET_NUMS> <TopicTestAAA@SyncProducer> not exist
For more information, please visit the url, http://rocketmq.apache.org/docs/faq/] 
[2024-03-31 01:46:30.035]  INFO start time: 3.432 ms
[2024-03-31 01:46:30.037]  WARN Exception caught: mqAdminExt get broker stats data TOPIC_PUT_NUMS failed
[2024-03-31 01:46:30.037]  WARN Response [CODE: 1  DESC: The stats <TOPIC_PUT_NUMS> <DefaultCluster_REPLY_TOPIC> not exist
For more information, please visit the url, http://rocketmq.apache.org/docs/faq/] 
[2024-03-31 01:46:30.041]  INFO start time: 500.0 ns
[2024-03-31 01:46:30.043]  WARN Exception caught: mqAdminExt get broker stats data TOPIC_PUT_NUMS failed
[2024-03-31 01:46:30.043]  WARN Response [CODE: 1  DESC: The stats <TOPIC_PUT_NUMS> <TopicTest> not exist
For more information, please visit the url, http://rocketmq.apache.org/docs/faq/] 
[2024-03-31 01:46:30.044]  WARN Exception caught: mqAdminExt get broker stats data GROUP_GET_NUMS failed
[2024-03-31 01:46:30.044]  WARN Response [CODE: 1  DESC: The stats <GROUP_GET_NUMS> <TopicTest@please_rename_unique_group_name_4> not exist
For more information, please visit the url, http://rocketmq.apache.org/docs/faq/] 
[2024-03-31 01:46:30.047]  INFO start time: 333.0 ns
[2024-03-31 01:46:30.048]  WARN Exception caught: mqAdminExt get broker stats data TOPIC_PUT_NUMS failed
[2024-03-31 01:46:30.048]  WARN Response [CODE: 1  DESC: The stats <TOPIC_PUT_NUMS> <broker-a> not exist
For more information, please visit the url, http://rocketmq.apache.org/docs/faq/] 
[2024-03-31 01:46:30.050]  INFO start time: 250.0 ns
[2024-03-31 01:46:30.051]  WARN Exception caught: mqAdminExt get broker stats data TOPIC_PUT_NUMS failed
[2024-03-31 01:46:30.051]  WARN Response [CODE: 1  DESC: The stats <TOPIC_PUT_NUMS> <rocket_sz_sync> not exist
For more information, please visit the url, http://rocketmq.apache.org/docs/faq/] 
[2024-03-31 01:47:30.017]  INFO start time: 375.0 ns
[2024-03-31 01:47:30.020]  INFO stop time : 2.764 ms
[2024-03-31 01:47:30.023]  WARN Exception caught: mqAdminExt get broker stats data GROUP_GET_NUMS failed
[2024-03-31 01:47:30.023]  WARN Response [CODE: 1  DESC: The stats <GROUP_GET_NUMS> <TopicTestAAA@SyncProducer> not exist
For more information, please visit the url, http://rocketmq.apache.org/docs/faq/] 
[2024-03-31 01:47:30.033]  INFO start time: 2.764 ms
[2024-03-31 01:47:30.034]  WARN Exception caught: mqAdminExt get broker stats data TOPIC_PUT_NUMS failed
[2024-03-31 01:47:30.034]  WARN Response [CODE: 1  DESC: The stats <TOPIC_PUT_NUMS> <DefaultCluster_REPLY_TOPIC> not exist
For more information, please visit the url, http://rocketmq.apache.org/docs/faq/] 
[2024-03-31 01:47:30.038]  INFO start time: 667.0 ns
[2024-03-31 01:47:30.039]  WARN Exception caught: mqAdminExt get broker stats data TOPIC_PUT_NUMS failed
[2024-03-31 01:47:30.039]  WARN Response [CODE: 1  DESC: The stats <TOPIC_PUT_NUMS> <TopicTest> not exist
For more information, please visit the url, http://rocketmq.apache.org/docs/faq/] 
[2024-03-31 01:47:30.041]  WARN Exception caught: mqAdminExt get broker stats data GROUP_GET_NUMS failed
[2024-03-31 01:47:30.041]  WARN Response [CODE: 1  DESC: The stats <GROUP_GET_NUMS> <TopicTest@please_rename_unique_group_name_4> not exist
For more information, please visit the url, http://rocketmq.apache.org/docs/faq/] 
[2024-03-31 01:47:30.045]  INFO start time: 416.0 ns
[2024-03-31 01:47:30.046]  WARN Exception caught: mqAdminExt get broker stats data TOPIC_PUT_NUMS failed
[2024-03-31 01:47:30.046]  WARN Response [CODE: 1  DESC: The stats <TOPIC_PUT_NUMS> <broker-a> not exist
For more information, please visit the url, http://rocketmq.apache.org/docs/faq/] 
[2024-03-31 01:47:30.049]  INFO start time: 334.0 ns
[2024-03-31 01:47:30.050]  WARN Exception caught: mqAdminExt get broker stats data TOPIC_PUT_NUMS failed
[2024-03-31 01:47:30.050]  WARN Response [CODE: 1  DESC: The stats <TOPIC_PUT_NUMS> <rocket_sz_sync> not exist
For more information, please visit the url, http://rocketmq.apache.org/docs/faq/] 
[2024-03-31 01:48:30.018]  INFO start time: 875.0 ns
[2024-03-31 01:48:30.021]  INFO stop time : 3.198 ms
[2024-03-31 01:48:30.023]  WARN Exception caught: mqAdminExt get broker stats data GROUP_GET_NUMS failed
[2024-03-31 01:48:30.023]  WARN Response [CODE: 1  DESC: The stats <GROUP_GET_NUMS> <TopicTestAAA@SyncProducer> not exist
For more information, please visit the url, http://rocketmq.apache.org/docs/faq/] 
[2024-03-31 01:48:30.027]  INFO start time: 3.199 ms
[2024-03-31 01:48:30.028]  WARN Exception caught: mqAdminExt get broker stats data TOPIC_PUT_NUMS failed
[2024-03-31 01:48:30.028]  WARN Response [CODE: 1  DESC: The stats <TOPIC_PUT_NUMS> <DefaultCluster_REPLY_TOPIC> not exist
For more information, please visit the url, http://rocketmq.apache.org/docs/faq/] 
[2024-03-31 01:48:30.031]  INFO start time: 541.0 ns
[2024-03-31 01:48:30.032]  WARN Exception caught: mqAdminExt get broker stats data TOPIC_PUT_NUMS failed
[2024-03-31 01:48:30.032]  WARN Response [CODE: 1  DESC: The stats <TOPIC_PUT_NUMS> <TopicTest> not exist
For more information, please visit the url, http://rocketmq.apache.org/docs/faq/] 
[2024-03-31 01:48:30.033]  WARN Exception caught: mqAdminExt get broker stats data GROUP_GET_NUMS failed
[2024-03-31 01:48:30.033]  WARN Response [CODE: 1  DESC: The stats <GROUP_GET_NUMS> <TopicTest@please_rename_unique_group_name_4> not exist
For more information, please visit the url, http://rocketmq.apache.org/docs/faq/] 
[2024-03-31 01:48:30.035]  INFO start time: 250.0 ns
[2024-03-31 01:48:30.036]  WARN Exception caught: mqAdminExt get broker stats data TOPIC_PUT_NUMS failed
[2024-03-31 01:48:30.036]  WARN Response [CODE: 1  DESC: The stats <TOPIC_PUT_NUMS> <broker-a> not exist
For more information, please visit the url, http://rocketmq.apache.org/docs/faq/] 
[2024-03-31 01:48:30.038]  INFO start time: 291.0 ns
[2024-03-31 01:48:30.039]  WARN Exception caught: mqAdminExt get broker stats data TOPIC_PUT_NUMS failed
[2024-03-31 01:48:30.039]  WARN Response [CODE: 1  DESC: The stats <TOPIC_PUT_NUMS> <rocket_sz_sync> not exist
For more information, please visit the url, http://rocketmq.apache.org/docs/faq/] 
[2024-03-31 01:49:30.033]  INFO start time: 333.0 ns
[2024-03-31 01:49:30.034]  INFO stop time : 1.328 ms
[2024-03-31 01:49:30.035]  WARN Exception caught: mqAdminExt get broker stats data GROUP_GET_NUMS failed
[2024-03-31 01:49:30.035]  WARN Response [CODE: 1  DESC: The stats <GROUP_GET_NUMS> <TopicTestAAA@SyncProducer> not exist
For more information, please visit the url, http://rocketmq.apache.org/docs/faq/] 
[2024-03-31 01:49:30.039]  INFO start time: 1.328 ms
[2024-03-31 01:49:30.040]  WARN Exception caught: mqAdminExt get broker stats data TOPIC_PUT_NUMS failed
[2024-03-31 01:49:30.040]  WARN Response [CODE: 1  DESC: The stats <TOPIC_PUT_NUMS> <DefaultCluster_REPLY_TOPIC> not exist
For more information, please visit the url, http://rocketmq.apache.org/docs/faq/] 
[2024-03-31 01:49:30.044]  INFO start time: 542.0 ns
[2024-03-31 01:49:30.045]  WARN Exception caught: mqAdminExt get broker stats data TOPIC_PUT_NUMS failed
[2024-03-31 01:49:30.045]  WARN Response [CODE: 1  DESC: The stats <TOPIC_PUT_NUMS> <TopicTest> not exist
For more information, please visit the url, http://rocketmq.apache.org/docs/faq/] 
[2024-03-31 01:49:30.046]  WARN Exception caught: mqAdminExt get broker stats data GROUP_GET_NUMS failed
[2024-03-31 01:49:30.046]  WARN Response [CODE: 1  DESC: The stats <GROUP_GET_NUMS> <TopicTest@please_rename_unique_group_name_4> not exist
For more information, please visit the url, http://rocketmq.apache.org/docs/faq/] 
[2024-03-31 01:49:30.062]  INFO start time: 291.0 ns
[2024-03-31 01:49:30.062]  WARN Exception caught: mqAdminExt get broker stats data TOPIC_PUT_NUMS failed
[2024-03-31 01:49:30.062]  WARN Response [CODE: 1  DESC: The stats <TOPIC_PUT_NUMS> <broker-a> not exist
For more information, please visit the url, http://rocketmq.apache.org/docs/faq/] 
[2024-03-31 01:49:30.077]  INFO start time: 1.250 μs
[2024-03-31 01:49:30.081]  WARN Exception caught: mqAdminExt get broker stats data TOPIC_PUT_NUMS failed
[2024-03-31 01:49:30.081]  WARN Response [CODE: 1  DESC: The stats <TOPIC_PUT_NUMS> <rocket_sz_sync> not exist
For more information, please visit the url, http://rocketmq.apache.org/docs/faq/] 
[2024-03-31 01:50:30.030]  INFO start time: 2.291 μs
[2024-03-31 01:50:30.037]  INFO stop time : 6.760 ms
[2024-03-31 01:50:30.040]  WARN Exception caught: mqAdminExt get broker stats data GROUP_GET_NUMS failed
[2024-03-31 01:50:30.040]  WARN Response [CODE: 1  DESC: The stats <GROUP_GET_NUMS> <TopicTestAAA@SyncProducer> not exist
For more information, please visit the url, http://rocketmq.apache.org/docs/faq/] 
[2024-03-31 01:50:30.048]  INFO start time: 6.760 ms
[2024-03-31 01:50:30.049]  WARN Exception caught: mqAdminExt get broker stats data TOPIC_PUT_NUMS failed
[2024-03-31 01:50:30.049]  WARN Response [CODE: 1  DESC: The stats <TOPIC_PUT_NUMS> <DefaultCluster_REPLY_TOPIC> not exist
For more information, please visit the url, http://rocketmq.apache.org/docs/faq/] 
[2024-03-31 01:50:30.052]  INFO start time: 416.0 ns
[2024-03-31 01:50:30.053]  WARN Exception caught: mqAdminExt get broker stats data TOPIC_PUT_NUMS failed
[2024-03-31 01:50:30.053]  WARN Response [CODE: 1  DESC: The stats <TOPIC_PUT_NUMS> <TopicTest> not exist
For more information, please visit the url, http://rocketmq.apache.org/docs/faq/] 
[2024-03-31 01:50:30.054]  WARN Exception caught: mqAdminExt get broker stats data GROUP_GET_NUMS failed
[2024-03-31 01:50:30.054]  WARN Response [CODE: 1  DESC: The stats <GROUP_GET_NUMS> <TopicTest@please_rename_unique_group_name_4> not exist
For more information, please visit the url, http://rocketmq.apache.org/docs/faq/] 
[2024-03-31 01:50:30.058]  INFO start time: 459.0 ns
[2024-03-31 01:50:30.059]  WARN Exception caught: mqAdminExt get broker stats data TOPIC_PUT_NUMS failed
[2024-03-31 01:50:30.059]  WARN Response [CODE: 1  DESC: The stats <TOPIC_PUT_NUMS> <broker-a> not exist
For more information, please visit the url, http://rocketmq.apache.org/docs/faq/] 
[2024-03-31 01:50:30.061]  INFO start time: 250.0 ns
[2024-03-31 01:50:30.062]  WARN Exception caught: mqAdminExt get broker stats data TOPIC_PUT_NUMS failed
[2024-03-31 01:50:30.062]  WARN Response [CODE: 1  DESC: The stats <TOPIC_PUT_NUMS> <rocket_sz_sync> not exist
For more information, please visit the url, http://rocketmq.apache.org/docs/faq/] 
[2024-03-31 01:51:30.031]  INFO start time: 2.959 μs
[2024-03-31 01:51:30.036]  INFO stop time : 4.816 ms
[2024-03-31 01:51:30.038]  WARN Exception caught: mqAdminExt get broker stats data GROUP_GET_NUMS failed
[2024-03-31 01:51:30.039]  WARN Response [CODE: 1  DESC: The stats <GROUP_GET_NUMS> <TopicTestAAA@SyncProducer> not exist
For more information, please visit the url, http://rocketmq.apache.org/docs/faq/] 
[2024-03-31 01:51:30.051]  INFO start time: 4.817 ms
[2024-03-31 01:51:30.054]  WARN Exception caught: mqAdminExt get broker stats data TOPIC_PUT_NUMS failed
[2024-03-31 01:51:30.054]  WARN Response [CODE: 1  DESC: The stats <TOPIC_PUT_NUMS> <DefaultCluster_REPLY_TOPIC> not exist
For more information, please visit the url, http://rocketmq.apache.org/docs/faq/] 
[2024-03-31 01:51:30.060]  INFO start time: 500.0 ns
[2024-03-31 01:51:30.061]  WARN Exception caught: mqAdminExt get broker stats data TOPIC_PUT_NUMS failed
[2024-03-31 01:51:30.061]  WARN Response [CODE: 1  DESC: The stats <TOPIC_PUT_NUMS> <TopicTest> not exist
For more information, please visit the url, http://rocketmq.apache.org/docs/faq/] 
[2024-03-31 01:51:30.063]  WARN Exception caught: mqAdminExt get broker stats data GROUP_GET_NUMS failed
[2024-03-31 01:51:30.063]  WARN Response [CODE: 1  DESC: The stats <GROUP_GET_NUMS> <TopicTest@please_rename_unique_group_name_4> not exist
For more information, please visit the url, http://rocketmq.apache.org/docs/faq/] 
[2024-03-31 01:51:30.067]  INFO start time: 333.0 ns
[2024-03-31 01:51:30.072]  WARN Exception caught: mqAdminExt get broker stats data TOPIC_PUT_NUMS failed
[2024-03-31 01:51:30.072]  WARN Response [CODE: 1  DESC: The stats <TOPIC_PUT_NUMS> <broker-a> not exist
For more information, please visit the url, http://rocketmq.apache.org/docs/faq/] 
[2024-03-31 01:51:30.076]  INFO start time: 375.0 ns
[2024-03-31 01:51:30.077]  WARN Exception caught: mqAdminExt get broker stats data TOPIC_PUT_NUMS failed
[2024-03-31 01:51:30.077]  WARN Response [CODE: 1  DESC: The stats <TOPIC_PUT_NUMS> <rocket_sz_sync> not exist
For more information, please visit the url, http://rocketmq.apache.org/docs/faq/] 
[2024-03-31 01:52:30.031]  INFO start time: 2.750 μs
[2024-03-31 01:52:30.036]  INFO stop time : 5.338 ms
[2024-03-31 01:52:30.040]  WARN Exception caught: mqAdminExt get broker stats data GROUP_GET_NUMS failed
[2024-03-31 01:52:30.040]  WARN Response [CODE: 1  DESC: The stats <GROUP_GET_NUMS> <TopicTestAAA@SyncProducer> not exist
For more information, please visit the url, http://rocketmq.apache.org/docs/faq/] 
[2024-03-31 01:52:30.050]  INFO start time: 5.340 ms
[2024-03-31 01:52:30.053]  WARN Exception caught: mqAdminExt get broker stats data TOPIC_PUT_NUMS failed
[2024-03-31 01:52:30.054]  WARN Response [CODE: 1  DESC: The stats <TOPIC_PUT_NUMS> <DefaultCluster_REPLY_TOPIC> not exist
For more information, please visit the url, http://rocketmq.apache.org/docs/faq/] 
[2024-03-31 01:52:30.064]  INFO start time: 542.0 ns
[2024-03-31 01:52:30.065]  WARN Exception caught: mqAdminExt get broker stats data TOPIC_PUT_NUMS failed
[2024-03-31 01:52:30.065]  WARN Response [CODE: 1  DESC: The stats <TOPIC_PUT_NUMS> <TopicTest> not exist
For more information, please visit the url, http://rocketmq.apache.org/docs/faq/] 
[2024-03-31 01:52:30.066]  WARN Exception caught: mqAdminExt get broker stats data GROUP_GET_NUMS failed
[2024-03-31 01:52:30.066]  WARN Response [CODE: 1  DESC: The stats <GROUP_GET_NUMS> <TopicTest@please_rename_unique_group_name_4> not exist
For more information, please visit the url, http://rocketmq.apache.org/docs/faq/] 
[2024-03-31 01:52:30.072]  INFO start time: 292.0 ns
[2024-03-31 01:52:30.073]  WARN Exception caught: mqAdminExt get broker stats data TOPIC_PUT_NUMS failed
[2024-03-31 01:52:30.074]  WARN Response [CODE: 1  DESC: The stats <TOPIC_PUT_NUMS> <broker-a> not exist
For more information, please visit the url, http://rocketmq.apache.org/docs/faq/] 
[2024-03-31 01:52:30.076]  INFO start time: 375.0 ns
[2024-03-31 01:52:30.079]  WARN Exception caught: mqAdminExt get broker stats data TOPIC_PUT_NUMS failed
[2024-03-31 01:52:30.079]  WARN Response [CODE: 1  DESC: The stats <TOPIC_PUT_NUMS> <rocket_sz_sync> not exist
For more information, please visit the url, http://rocketmq.apache.org/docs/faq/] 
[2024-03-31 01:53:30.037]  INFO start time: 3.583 μs
[2024-03-31 01:53:30.049]  INFO stop time : 12.29 ms
[2024-03-31 01:53:30.051]  WARN Exception caught: mqAdminExt get broker stats data GROUP_GET_NUMS failed
[2024-03-31 01:53:30.051]  WARN Response [CODE: 1  DESC: The stats <GROUP_GET_NUMS> <TopicTestAAA@SyncProducer> not exist
For more information, please visit the url, http://rocketmq.apache.org/docs/faq/] 
[2024-03-31 01:53:30.056]  INFO start time: 12.29 ms
[2024-03-31 01:53:30.057]  WARN Exception caught: mqAdminExt get broker stats data TOPIC_PUT_NUMS failed
[2024-03-31 01:53:30.057]  WARN Response [CODE: 1  DESC: The stats <TOPIC_PUT_NUMS> <DefaultCluster_REPLY_TOPIC> not exist
For more information, please visit the url, http://rocketmq.apache.org/docs/faq/] 
[2024-03-31 01:53:30.059]  INFO start time: 334.0 ns
[2024-03-31 01:53:30.060]  WARN Exception caught: mqAdminExt get broker stats data TOPIC_PUT_NUMS failed
[2024-03-31 01:53:30.060]  WARN Response [CODE: 1  DESC: The stats <TOPIC_PUT_NUMS> <TopicTest> not exist
For more information, please visit the url, http://rocketmq.apache.org/docs/faq/] 
[2024-03-31 01:53:30.062]  WARN Exception caught: mqAdminExt get broker stats data GROUP_GET_NUMS failed
[2024-03-31 01:53:30.062]  WARN Response [CODE: 1  DESC: The stats <GROUP_GET_NUMS> <TopicTest@please_rename_unique_group_name_4> not exist
For more information, please visit the url, http://rocketmq.apache.org/docs/faq/] 
[2024-03-31 01:53:30.065]  INFO start time: 958.0 ns
[2024-03-31 01:53:30.066]  WARN Exception caught: mqAdminExt get broker stats data TOPIC_PUT_NUMS failed
[2024-03-31 01:53:30.067]  WARN Response [CODE: 1  DESC: The stats <TOPIC_PUT_NUMS> <broker-a> not exist
For more information, please visit the url, http://rocketmq.apache.org/docs/faq/] 
[2024-03-31 01:53:30.070]  INFO start time: 250.0 ns
[2024-03-31 01:53:30.071]  WARN Exception caught: mqAdminExt get broker stats data TOPIC_PUT_NUMS failed
[2024-03-31 01:53:30.071]  WARN Response [CODE: 1  DESC: The stats <TOPIC_PUT_NUMS> <rocket_sz_sync> not exist
For more information, please visit the url, http://rocketmq.apache.org/docs/faq/] 
[2024-03-31 01:54:30.028]  INFO start time: 1.292 μs
[2024-03-31 01:54:30.033]  INFO stop time : 5.158 ms
[2024-03-31 01:54:30.037]  WARN Exception caught: mqAdminExt get broker stats data GROUP_GET_NUMS failed
[2024-03-31 01:54:30.037]  WARN Response [CODE: 1  DESC: The stats <GROUP_GET_NUMS> <TopicTestAAA@SyncProducer> not exist
For more information, please visit the url, http://rocketmq.apache.org/docs/faq/] 
[2024-03-31 01:54:30.045]  INFO start time: 5.159 ms
[2024-03-31 01:54:30.047]  WARN Exception caught: mqAdminExt get broker stats data TOPIC_PUT_NUMS failed
[2024-03-31 01:54:30.047]  WARN Response [CODE: 1  DESC: The stats <TOPIC_PUT_NUMS> <DefaultCluster_REPLY_TOPIC> not exist
For more information, please visit the url, http://rocketmq.apache.org/docs/faq/] 
[2024-03-31 01:54:30.051]  INFO start time: 583.0 ns
[2024-03-31 01:54:30.052]  WARN Exception caught: mqAdminExt get broker stats data TOPIC_PUT_NUMS failed
[2024-03-31 01:54:30.052]  WARN Response [CODE: 1  DESC: The stats <TOPIC_PUT_NUMS> <TopicTest> not exist
For more information, please visit the url, http://rocketmq.apache.org/docs/faq/] 
[2024-03-31 01:54:30.055]  WARN Exception caught: mqAdminExt get broker stats data GROUP_GET_NUMS failed
[2024-03-31 01:54:30.055]  WARN Response [CODE: 1  DESC: The stats <GROUP_GET_NUMS> <TopicTest@please_rename_unique_group_name_4> not exist
For more information, please visit the url, http://rocketmq.apache.org/docs/faq/] 
[2024-03-31 01:54:30.058]  INFO start time: 583.0 ns
[2024-03-31 01:54:30.058]  WARN Exception caught: mqAdminExt get broker stats data TOPIC_PUT_NUMS failed
[2024-03-31 01:54:30.058]  WARN Response [CODE: 1  DESC: The stats <TOPIC_PUT_NUMS> <broker-a> not exist
For more information, please visit the url, http://rocketmq.apache.org/docs/faq/] 
[2024-03-31 01:54:30.061]  INFO start time: 1.875 μs
[2024-03-31 01:54:30.062]  WARN Exception caught: mqAdminExt get broker stats data TOPIC_PUT_NUMS failed
[2024-03-31 01:54:30.062]  WARN Response [CODE: 1  DESC: The stats <TOPIC_PUT_NUMS> <rocket_sz_sync> not exist
For more information, please visit the url, http://rocketmq.apache.org/docs/faq/] 
[2024-03-31 01:55:30.030]  INFO start time: 2.791 μs
[2024-03-31 01:55:30.039]  INFO stop time : 9.290 ms
[2024-03-31 01:55:30.058]  WARN Exception caught: mqAdminExt get broker stats data GROUP_GET_NUMS failed
[2024-03-31 01:55:30.058]  WARN Response [CODE: 1  DESC: The stats <GROUP_GET_NUMS> <TopicTestAAA@SyncProducer> not exist
For more information, please visit the url, http://rocketmq.apache.org/docs/faq/] 
[2024-03-31 01:55:30.065]  INFO start time: 9.290 ms
[2024-03-31 01:55:30.066]  WARN Exception caught: mqAdminExt get broker stats data TOPIC_PUT_NUMS failed
[2024-03-31 01:55:30.066]  WARN Response [CODE: 1  DESC: The stats <TOPIC_PUT_NUMS> <DefaultCluster_REPLY_TOPIC> not exist
For more information, please visit the url, http://rocketmq.apache.org/docs/faq/] 
[2024-03-31 01:55:30.070]  INFO start time: 333.0 ns
[2024-03-31 01:55:30.070]  WARN Exception caught: mqAdminExt get broker stats data TOPIC_PUT_NUMS failed
[2024-03-31 01:55:30.070]  WARN Response [CODE: 1  DESC: The stats <TOPIC_PUT_NUMS> <TopicTest> not exist
For more information, please visit the url, http://rocketmq.apache.org/docs/faq/] 
[2024-03-31 01:55:30.071]  WARN Exception caught: mqAdminExt get broker stats data GROUP_GET_NUMS failed
[2024-03-31 01:55:30.071]  WARN Response [CODE: 1  DESC: The stats <GROUP_GET_NUMS> <TopicTest@please_rename_unique_group_name_4> not exist
For more information, please visit the url, http://rocketmq.apache.org/docs/faq/] 
[2024-03-31 01:55:30.074]  INFO start time: 250.0 ns
[2024-03-31 01:55:30.077]  WARN Exception caught: mqAdminExt get broker stats data TOPIC_PUT_NUMS failed
[2024-03-31 01:55:30.079]  WARN Response [CODE: 1  DESC: The stats <TOPIC_PUT_NUMS> <broker-a> not exist
For more information, please visit the url, http://rocketmq.apache.org/docs/faq/] 
[2024-03-31 01:55:30.082]  INFO start time: 292.0 ns
[2024-03-31 01:55:30.083]  WARN Exception caught: mqAdminExt get broker stats data TOPIC_PUT_NUMS failed
[2024-03-31 01:55:30.083]  WARN Response [CODE: 1  DESC: The stats <TOPIC_PUT_NUMS> <rocket_sz_sync> not exist
For more information, please visit the url, http://rocketmq.apache.org/docs/faq/] 
[2024-03-31 01:55:58.022]  INFO Initializing Spring DispatcherServlet 'dispatcherServlet'
[2024-03-31 01:55:58.022]  INFO Initializing Servlet 'dispatcherServlet'
[2024-03-31 01:55:58.030]  INFO Completed initialization in 8 ms
[2024-03-31 01:55:58.673]  INFO op=look_clusterInfo {"brokerAddrTable":{"localhost":{"cluster":"DefaultCluster","brokerName":"localhost","brokerAddrs":{"0":"192.168.31.68:10911"}}},"clusterAddrTable":{"DefaultCluster":["localhost"]}}
[2024-03-31 01:56:30.013]  INFO start time: 542.0 ns
[2024-03-31 01:56:30.017]  INFO stop time : 4.294 ms
[2024-03-31 01:56:30.018]  WARN Exception caught: mqAdminExt get broker stats data GROUP_GET_NUMS failed
[2024-03-31 01:56:30.019]  WARN Response [CODE: 1  DESC: The stats <GROUP_GET_NUMS> <TopicTestAAA@SyncProducer> not exist
For more information, please visit the url, http://rocketmq.apache.org/docs/faq/] 
[2024-03-31 01:56:30.024]  INFO start time: 4.295 ms
[2024-03-31 01:56:30.026]  WARN Exception caught: mqAdminExt get broker stats data TOPIC_PUT_NUMS failed
[2024-03-31 01:56:30.026]  WARN Response [CODE: 1  DESC: The stats <TOPIC_PUT_NUMS> <DefaultCluster_REPLY_TOPIC> not exist
For more information, please visit the url, http://rocketmq.apache.org/docs/faq/] 
[2024-03-31 01:56:30.030]  INFO start time: 542.0 ns
[2024-03-31 01:56:30.031]  WARN Exception caught: mqAdminExt get broker stats data TOPIC_PUT_NUMS failed
[2024-03-31 01:56:30.031]  WARN Response [CODE: 1  DESC: The stats <TOPIC_PUT_NUMS> <TopicTest> not exist
For more information, please visit the url, http://rocketmq.apache.org/docs/faq/] 
[2024-03-31 01:56:30.032]  WARN Exception caught: mqAdminExt get broker stats data GROUP_GET_NUMS failed
[2024-03-31 01:56:30.032]  WARN Response [CODE: 1  DESC: The stats <GROUP_GET_NUMS> <TopicTest@please_rename_unique_group_name_4> not exist
For more information, please visit the url, http://rocketmq.apache.org/docs/faq/] 
[2024-03-31 01:56:30.035]  INFO start time: 333.0 ns
[2024-03-31 01:56:30.036]  WARN Exception caught: mqAdminExt get broker stats data TOPIC_PUT_NUMS failed
[2024-03-31 01:56:30.036]  WARN Response [CODE: 1  DESC: The stats <TOPIC_PUT_NUMS> <broker-a> not exist
For more information, please visit the url, http://rocketmq.apache.org/docs/faq/] 
[2024-03-31 01:56:30.040]  INFO start time: 584.0 ns
[2024-03-31 01:56:30.041]  WARN Exception caught: mqAdminExt get broker stats data TOPIC_PUT_NUMS failed
[2024-03-31 01:56:30.041]  WARN Response [CODE: 1  DESC: The stats <TOPIC_PUT_NUMS> <rocket_sz_sync> not exist
For more information, please visit the url, http://rocketmq.apache.org/docs/faq/] 
[2024-03-31 01:57:30.018]  INFO start time: 1.084 μs
[2024-03-31 01:57:30.021]  INFO stop time : 2.336 ms
[2024-03-31 01:57:30.021]  WARN Exception caught: mqAdminExt get broker stats data GROUP_GET_NUMS failed
[2024-03-31 01:57:30.021]  WARN Response [CODE: 1  DESC: The stats <GROUP_GET_NUMS> <TopicTestAAA@SyncProducer> not exist
For more information, please visit the url, http://rocketmq.apache.org/docs/faq/] 
[2024-03-31 01:57:30.024]  INFO start time: 2.337 ms
[2024-03-31 01:57:30.025]  WARN Exception caught: mqAdminExt get broker stats data TOPIC_PUT_NUMS failed
[2024-03-31 01:57:30.025]  WARN Response [CODE: 1  DESC: The stats <TOPIC_PUT_NUMS> <DefaultCluster_REPLY_TOPIC> not exist
For more information, please visit the url, http://rocketmq.apache.org/docs/faq/] 
[2024-03-31 01:57:30.030]  INFO start time: 250.0 ns
[2024-03-31 01:57:30.031]  WARN Exception caught: mqAdminExt get broker stats data TOPIC_PUT_NUMS failed
[2024-03-31 01:57:30.031]  WARN Response [CODE: 1  DESC: The stats <TOPIC_PUT_NUMS> <TopicTest> not exist
For more information, please visit the url, http://rocketmq.apache.org/docs/faq/] 
[2024-03-31 01:57:30.031]  WARN Exception caught: mqAdminExt get broker stats data GROUP_GET_NUMS failed
[2024-03-31 01:57:30.031]  WARN Response [CODE: 1  DESC: The stats <GROUP_GET_NUMS> <TopicTest@please_rename_unique_group_name_4> not exist
For more information, please visit the url, http://rocketmq.apache.org/docs/faq/] 
[2024-03-31 01:57:30.034]  INFO start time: 250.0 ns
[2024-03-31 01:57:30.035]  WARN Exception caught: mqAdminExt get broker stats data TOPIC_PUT_NUMS failed
[2024-03-31 01:57:30.035]  WARN Response [CODE: 1  DESC: The stats <TOPIC_PUT_NUMS> <broker-a> not exist
For more information, please visit the url, http://rocketmq.apache.org/docs/faq/] 
[2024-03-31 01:57:30.037]  INFO start time: 208.0 ns
[2024-03-31 01:57:30.038]  WARN Exception caught: mqAdminExt get broker stats data TOPIC_PUT_NUMS failed
[2024-03-31 01:57:30.038]  WARN Response [CODE: 1  DESC: The stats <TOPIC_PUT_NUMS> <rocket_sz_sync> not exist
For more information, please visit the url, http://rocketmq.apache.org/docs/faq/] 
[2024-03-31 01:58:23.756]  INFO op=look_clusterInfo {"brokerAddrTable":{"localhost":{"cluster":"DefaultCluster","brokerName":"localhost","brokerAddrs":{"0":"192.168.31.68:10911"}}},"clusterAddrTable":{"DefaultCluster":["localhost"]}}
[2024-03-31 01:58:25.854]  INFO closeChannel: close the connection to remote address[192.168.31.68:10911] result: true
[2024-03-31 01:58:25.855]  INFO closeChannel: close the connection to remote address[127.0.0.1:9876] result: true
[2024-03-31 01:58:30.013]  INFO start time: 292.0 ns
[2024-03-31 01:58:30.017]  INFO stop time : 3.428 ms
[2024-03-31 01:58:30.018]  WARN Exception caught: mqAdminExt get broker stats data GROUP_GET_NUMS failed
[2024-03-31 01:58:30.018]  WARN Response [CODE: 1  DESC: The stats <GROUP_GET_NUMS> <TopicTestAAA@SyncProducer> not exist
For more information, please visit the url, http://rocketmq.apache.org/docs/faq/] 
[2024-03-31 01:58:30.026]  INFO start time: 3.429 ms
[2024-03-31 01:58:30.028]  WARN Exception caught: mqAdminExt get broker stats data TOPIC_PUT_NUMS failed
[2024-03-31 01:58:30.028]  WARN Response [CODE: 1  DESC: The stats <TOPIC_PUT_NUMS> <DefaultCluster_REPLY_TOPIC> not exist
For more information, please visit the url, http://rocketmq.apache.org/docs/faq/] 
[2024-03-31 01:58:30.033]  INFO start time: 1.250 μs
[2024-03-31 01:58:30.035]  WARN Exception caught: mqAdminExt get broker stats data TOPIC_PUT_NUMS failed
[2024-03-31 01:58:30.035]  WARN Response [CODE: 1  DESC: The stats <TOPIC_PUT_NUMS> <TopicTest> not exist
For more information, please visit the url, http://rocketmq.apache.org/docs/faq/] 
[2024-03-31 01:58:30.036]  WARN Exception caught: mqAdminExt get broker stats data GROUP_GET_NUMS failed
[2024-03-31 01:58:30.036]  WARN Response [CODE: 1  DESC: The stats <GROUP_GET_NUMS> <TopicTest@please_rename_unique_group_name_4> not exist
For more information, please visit the url, http://rocketmq.apache.org/docs/faq/] 
[2024-03-31 01:58:30.041]  INFO start time: 292.0 ns
[2024-03-31 01:58:30.043]  WARN Exception caught: mqAdminExt get broker stats data TOPIC_PUT_NUMS failed
[2024-03-31 01:58:30.043]  WARN Response [CODE: 1  DESC: The stats <TOPIC_PUT_NUMS> <broker-a> not exist
For more information, please visit the url, http://rocketmq.apache.org/docs/faq/] 
[2024-03-31 01:58:30.048]  INFO start time: 417.0 ns
[2024-03-31 01:58:30.055]  WARN Exception caught: mqAdminExt get broker stats data TOPIC_PUT_NUMS failed
[2024-03-31 01:58:30.055]  WARN Response [CODE: 1  DESC: The stats <TOPIC_PUT_NUMS> <rocket_sz_sync> not exist
For more information, please visit the url, http://rocketmq.apache.org/docs/faq/] 
[2024-03-31 01:59:30.015]  INFO start time: 625.0 ns
[2024-03-31 01:59:30.017]  INFO stop time : 2.170 ms
[2024-03-31 01:59:30.017]  WARN Exception caught: mqAdminExt get broker stats data GROUP_GET_NUMS failed
[2024-03-31 01:59:30.017]  WARN Response [CODE: 1  DESC: The stats <GROUP_GET_NUMS> <TopicTestAAA@SyncProducer> not exist
For more information, please visit the url, http://rocketmq.apache.org/docs/faq/] 
[2024-03-31 01:59:30.020]  INFO start time: 2.170 ms
[2024-03-31 01:59:30.021]  WARN Exception caught: mqAdminExt get broker stats data TOPIC_PUT_NUMS failed
[2024-03-31 01:59:30.021]  WARN Response [CODE: 1  DESC: The stats <TOPIC_PUT_NUMS> <DefaultCluster_REPLY_TOPIC> not exist
For more information, please visit the url, http://rocketmq.apache.org/docs/faq/] 
[2024-03-31 01:59:30.023]  INFO start time: 209.0 ns
[2024-03-31 01:59:30.024]  WARN Exception caught: mqAdminExt get broker stats data TOPIC_PUT_NUMS failed
[2024-03-31 01:59:30.024]  WARN Response [CODE: 1  DESC: The stats <TOPIC_PUT_NUMS> <TopicTest> not exist
For more information, please visit the url, http://rocketmq.apache.org/docs/faq/] 
[2024-03-31 01:59:30.025]  WARN Exception caught: mqAdminExt get broker stats data GROUP_GET_NUMS failed
[2024-03-31 01:59:30.025]  WARN Response [CODE: 1  DESC: The stats <GROUP_GET_NUMS> <TopicTest@please_rename_unique_group_name_4> not exist
For more information, please visit the url, http://rocketmq.apache.org/docs/faq/] 
[2024-03-31 01:59:30.027]  INFO start time: 417.0 ns
[2024-03-31 01:59:30.028]  WARN Exception caught: mqAdminExt get broker stats data TOPIC_PUT_NUMS failed
[2024-03-31 01:59:30.028]  WARN Response [CODE: 1  DESC: The stats <TOPIC_PUT_NUMS> <broker-a> not exist
For more information, please visit the url, http://rocketmq.apache.org/docs/faq/] 
[2024-03-31 01:59:30.031]  INFO start time: 375.0 ns
[2024-03-31 01:59:30.032]  WARN Exception caught: mqAdminExt get broker stats data TOPIC_PUT_NUMS failed
[2024-03-31 01:59:30.032]  WARN Response [CODE: 1  DESC: The stats <TOPIC_PUT_NUMS> <rocket_sz_sync> not exist
For more information, please visit the url, http://rocketmq.apache.org/docs/faq/] 
